<?xml version="1.0" encoding="UTF-8"?>
<!-- Generated by org.testng.reporters.JUnitReportReporter -->
<testsuite hostname="DESKTOP-NS3B1EH" failures="0" tests="1" name="TestScript.ComputerPage" time="42.586" errors="0" timestamp="2024-05-01T15:54:20 IST" skipped="0">
  <testcase classname="TestScript.ComputerPage" name="Computerpage" time="42.586"/>
  <system-out/>
</testsuite> <!-- TestScript.ComputerPage -->
